2023-12-30 23:57:22.078+0000 INFO  Logging config in use: Embedded default config 'default-user-logs.xml'
2023-12-30 23:57:22.090+0000 INFO  Starting...
2023-12-30 23:57:23.134+0000 INFO  This instance is ServerId{3931c476} (3931c476-3e0b-4cd6-85a9-d9de076b5390)
2023-12-30 23:57:23.967+0000 INFO  ======== Neo4j 5.13.0 ========
2023-12-30 23:57:26.637+0000 INFO  Bolt enabled on 0.0.0.0:7687.
2023-12-30 23:57:27.439+0000 INFO  HTTP enabled on 0.0.0.0:7474.
2023-12-30 23:57:27.441+0000 INFO  Remote interface available at http://localhost:7474/
2023-12-30 23:57:27.447+0000 INFO  id: B99A409A11E80A3DE703903C6BACED5D50D3079A953A3749EC40B959B7BDDD51
2023-12-30 23:57:27.457+0000 INFO  name: system
2023-12-30 23:57:27.458+0000 INFO  creationDate: 2023-12-30T23:57:24.708Z
2023-12-30 23:57:27.460+0000 INFO  Started.
2023-12-31 00:39:33.588+0000 WARN  [bolt-17] The client is unauthorized due to authentication failure.
2023-12-31 01:03:21.766+0000 WARN  [bolt-22] The client is unauthorized due to authentication failure.
2023-12-31 02:11:11.274+0000 INFO  Neo4j Server shutdown initiated by request
2023-12-31 02:11:11.283+0000 INFO  Stopping...
2023-12-31 02:11:16.921+0000 INFO  Stopped.
2023-12-31 11:31:02.726+0000 INFO  Logging config in use: Embedded default config 'default-user-logs.xml'
2023-12-31 11:31:02.739+0000 INFO  Starting...
2023-12-31 11:31:03.659+0000 INFO  This instance is ServerId{3931c476} (3931c476-3e0b-4cd6-85a9-d9de076b5390)
2023-12-31 11:31:04.645+0000 INFO  ======== Neo4j 5.13.0 ========
2023-12-31 11:31:06.973+0000 INFO  Bolt enabled on 0.0.0.0:7687.
2023-12-31 11:31:07.782+0000 INFO  HTTP enabled on 0.0.0.0:7474.
2023-12-31 11:31:07.784+0000 INFO  Remote interface available at http://localhost:7474/
2023-12-31 11:31:07.790+0000 INFO  id: B99A409A11E80A3DE703903C6BACED5D50D3079A953A3749EC40B959B7BDDD51
2023-12-31 11:31:07.791+0000 INFO  name: system
2023-12-31 11:31:07.792+0000 INFO  creationDate: 2023-12-30T23:57:24.708Z
2023-12-31 11:31:07.793+0000 INFO  Started.
2023-12-31 11:32:00.284+0000 WARN  [bolt-11] The client is unauthorized due to authentication failure.
2023-12-31 16:29:37.090+0000 INFO  Neo4j Server shutdown initiated by request
2023-12-31 16:29:37.096+0000 INFO  Stopping...
2023-12-31 16:29:42.246+0000 INFO  Stopped.
2023-12-31 20:01:53.011+0000 INFO  Logging config in use: Embedded default config 'default-user-logs.xml'
2023-12-31 20:01:53.021+0000 INFO  Starting...
2023-12-31 20:01:54.112+0000 INFO  This instance is ServerId{3931c476} (3931c476-3e0b-4cd6-85a9-d9de076b5390)
2023-12-31 20:01:55.043+0000 INFO  ======== Neo4j 5.13.0 ========
2023-12-31 20:01:57.392+0000 INFO  Bolt enabled on 0.0.0.0:7687.
2023-12-31 20:01:58.280+0000 INFO  HTTP enabled on 0.0.0.0:7474.
2023-12-31 20:01:58.282+0000 INFO  Remote interface available at http://localhost:7474/
2023-12-31 20:01:58.288+0000 INFO  id: B99A409A11E80A3DE703903C6BACED5D50D3079A953A3749EC40B959B7BDDD51
2023-12-31 20:01:58.290+0000 INFO  name: system
2023-12-31 20:01:58.292+0000 INFO  creationDate: 2023-12-30T23:57:24.708Z
2023-12-31 20:01:58.293+0000 INFO  Started.
2023-12-31 20:08:10.761+0000 WARN  [bolt-14] The client is unauthorized due to authentication failure.
2023-12-31 22:10:25.438+0000 INFO  Neo4j Server shutdown initiated by request
2023-12-31 22:10:25.447+0000 INFO  Stopping...
2023-12-31 22:10:30.687+0000 INFO  Stopped.
